<?xml version="1.0" encoding="UTF-8"?>
<!-- Generated by org.testng.reporters.JUnitReportReporter -->
<testsuite skipped="0" hostname="LAPTOP-CSF2BJOF" name="com.ama20.Execution" tests="1" failures="0" timestamp="07 Feb 2019 01:06:27 GMT" time="0.015" errors="0">
  <testcase name="test1" time="0.015" classname="com.ama20.Execution"/>
</testsuite> <!-- com.ama20.Execution -->
